<?xml version="1.0" encoding="UTF-8"?>
<!-- Generated by org.testng.reporters.JUnitReportReporter -->
<testsuite skipped="0" hostname="DESKTOP-QKIV3F6" name="com.testcase.CategoryDetailsTestcase" tests="3" failures="0" timestamp="03 Nov 2019 23:23:17 GMT" time="1.147" errors="0">
  <testcase name="validateListFlag" time="0.020" classname="com.testcase.CategoryDetailsTestcase"/>
  <testcase name="validateName" time="0.019" classname="com.testcase.CategoryDetailsTestcase"/>
  <testcase name="validateDescription" time="1.108" classname="com.testcase.CategoryDetailsTestcase"/>
</testsuite> <!-- com.testcase.CategoryDetailsTestcase -->
